Arguments: 
  /home/kolya/.nvm/versions/node/v19.8.1/bin/node /home/kolya/.nvm/versions/node/v19.8.1/bin/yarn i

PATH: 
  /home/kolya/.nvm/versions/node/v19.8.1/bin:/usr/local/sbin:/usr/local/bin:/usr/sbin:/usr/bin:/sbin:/bin:/usr/games:/usr/local/games:/snap/bin:/snap/bin

Yarn version: 
  1.22.19

Node version: 
  19.8.1

Platform: 
  linux x64

Trace: 
  SyntaxError: /home/kolya/WebstormProjects/CLI-application/package.json: Expected double-quoted property name in JSON at position 208
      at JSON.parse (<anonymous>)
      at /home/kolya/.nvm/versions/node/v19.8.1/lib/node_modules/yarn/lib/cli.js:1629:59
      at Generator.next (<anonymous>)
      at step (/home/kolya/.nvm/versions/node/v19.8.1/lib/node_modules/yarn/lib/cli.js:310:30)
      at /home/kolya/.nvm/versions/node/v19.8.1/lib/node_modules/yarn/lib/cli.js:321:13

npm manifest: 
  {
    "name": "CLI-application",
    "version": "1.0.0",
    "main": "index.js",
    "repository": "https://github.com/kolya-kyb/CLI-application.git",
    "author": "kolya <kybiyevych97@gmail.com>",
    "license": "MIT",yarn
    "scripts": {
      "test": "echo \"Error: no test specified\" && exit 1",
      "start": "node index",
      "start:dev": "nodemon index"
    },
    "keywords": [],
    "devDependencies": {
      "nodemon": "^2.0.12"
    },
    "dependencies": {
      "bson-objectid": "^2.0.3",
      "commander": "^10.0.0",
      "nanoid": "3.3.4"
    }
  }

yarn manifest: 
  No manifest

Lockfile: 
  # THIS IS AN AUTOGENERATED FILE. DO NOT EDIT THIS FILE DIRECTLY.
  # yarn lockfile v1
